\BOOKMARK [0][-]{chapter.1}{\376\377\0001\000\040\000H\000i\000e\000r\000a\000r\000c\000h\000i\000c\000a\000l\000\040\000I\000n\000d\000e\000x}{}% 1
\BOOKMARK [1][-]{section.1.1}{\376\377\0001\000.\0001\000\040\000C\000l\000a\000s\000s\000\040\000H\000i\000e\000r\000a\000r\000c\000h\000y}{chapter.1}% 2
\BOOKMARK [0][-]{chapter.2}{\376\377\0002\000\040\000C\000l\000a\000s\000s\000\040\000I\000n\000d\000e\000x}{}% 3
\BOOKMARK [1][-]{section.2.1}{\376\377\0002\000.\0001\000\040\000C\000l\000a\000s\000s\000\040\000L\000i\000s\000t}{chapter.2}% 4
\BOOKMARK [0][-]{chapter.3}{\376\377\0003\000\040\000F\000i\000l\000e\000\040\000I\000n\000d\000e\000x}{}% 5
\BOOKMARK [1][-]{section.3.1}{\376\377\0003\000.\0001\000\040\000F\000i\000l\000e\000\040\000L\000i\000s\000t}{chapter.3}% 6
\BOOKMARK [0][-]{chapter.4}{\376\377\0004\000\040\000C\000l\000a\000s\000s\000\040\000D\000o\000c\000u\000m\000e\000n\000t\000a\000t\000i\000o\000n}{}% 7
\BOOKMARK [1][-]{section.4.1}{\376\377\0004\000.\0001\000\040\000e\000d\000u\000.\000n\000u\000.\000s\000g\000m\000.\000c\000o\000n\000t\000r\000o\000l\000l\000e\000r\000s\000.\000A\000d\000d\000C\000o\000u\000r\000s\000e\000C\000o\000n\000t\000r\000o\000l\000l\000e\000r\000\040\000C\000l\000a\000s\000s\000\040\000R\000e\000f\000e\000r\000e\000n\000c\000e}{chapter.4}% 8
\BOOKMARK [2][-]{subsection.4.1.1}{\376\377\0004\000.\0001\000.\0001\000\040\000D\000e\000t\000a\000i\000l\000e\000d\000\040\000D\000e\000s\000c\000r\000i\000p\000t\000i\000o\000n}{section.4.1}% 9
\BOOKMARK [2][-]{subsection.4.1.2}{\376\377\0004\000.\0001\000.\0002\000\040\000M\000e\000m\000b\000e\000r\000\040\000F\000u\000n\000c\000t\000i\000o\000n\000\040\000D\000o\000c\000u\000m\000e\000n\000t\000a\000t\000i\000o\000n}{section.4.1}% 10
\BOOKMARK [3][-]{subsubsection.4.1.2.1}{\376\377\0004\000.\0001\000.\0002\000.\0001\000\040\000a\000d\000d\000C\000o\000u\000r\000s\000e\000\050\000\051}{subsection.4.1.2}% 11
\BOOKMARK [3][-]{subsubsection.4.1.2.2}{\376\377\0004\000.\0001\000.\0002\000.\0002\000\040\000s\000e\000t\000D\000i\000a\000l\000o\000g\000\050\000\051}{subsection.4.1.2}% 12
\BOOKMARK [1][-]{section.4.2}{\376\377\0004\000.\0002\000\040\000e\000d\000u\000.\000n\000u\000.\000s\000g\000m\000.\000c\000o\000n\000t\000r\000o\000l\000l\000e\000r\000s\000.\000A\000d\000d\000S\000t\000u\000d\000e\000n\000t\000C\000o\000n\000t\000r\000o\000l\000l\000e\000r\000\040\000C\000l\000a\000s\000s\000\040\000R\000e\000f\000e\000r\000e\000n\000c\000e}{chapter.4}% 13
\BOOKMARK [2][-]{subsection.4.2.1}{\376\377\0004\000.\0002\000.\0001\000\040\000D\000e\000t\000a\000i\000l\000e\000d\000\040\000D\000e\000s\000c\000r\000i\000p\000t\000i\000o\000n}{section.4.2}% 14
\BOOKMARK [2][-]{subsection.4.2.2}{\376\377\0004\000.\0002\000.\0002\000\040\000M\000e\000m\000b\000e\000r\000\040\000F\000u\000n\000c\000t\000i\000o\000n\000\040\000D\000o\000c\000u\000m\000e\000n\000t\000a\000t\000i\000o\000n}{section.4.2}% 15
\BOOKMARK [3][-]{subsubsection.4.2.2.1}{\376\377\0004\000.\0002\000.\0002\000.\0001\000\040\000s\000e\000t\000D\000i\000a\000l\000o\000g\000\050\000\051}{subsection.4.2.2}% 16
\BOOKMARK [3][-]{subsubsection.4.2.2.2}{\376\377\0004\000.\0002\000.\0002\000.\0002\000\040\000s\000e\000t\000S\000t\000u\000d\000e\000n\000t\000D\000a\000t\000a\000\050\000\051}{subsection.4.2.2}% 17
\BOOKMARK [1][-]{section.4.3}{\376\377\0004\000.\0003\000\040\000e\000d\000u\000.\000n\000u\000.\000s\000g\000m\000.\000m\000o\000d\000e\000l\000s\000.\000C\000o\000u\000r\000s\000e\000\040\000C\000l\000a\000s\000s\000\040\000R\000e\000f\000e\000r\000e\000n\000c\000e}{chapter.4}% 18
\BOOKMARK [2][-]{subsection.4.3.1}{\376\377\0004\000.\0003\000.\0001\000\040\000D\000e\000t\000a\000i\000l\000e\000d\000\040\000D\000e\000s\000c\000r\000i\000p\000t\000i\000o\000n}{section.4.3}% 19
\BOOKMARK [2][-]{subsection.4.3.2}{\376\377\0004\000.\0003\000.\0002\000\040\000C\000o\000n\000s\000t\000r\000u\000c\000t\000o\000r\000\040\000\046\000\040\000D\000e\000s\000t\000r\000u\000c\000t\000o\000r\000\040\000D\000o\000c\000u\000m\000e\000n\000t\000a\000t\000i\000o\000n}{section.4.3}% 20
\BOOKMARK [3][-]{subsubsection.4.3.2.1}{\376\377\0004\000.\0003\000.\0002\000.\0001\000\040\000C\000o\000u\000r\000s\000e\000\050\000\051}{subsection.4.3.2}% 21
\BOOKMARK [2][-]{subsection.4.3.3}{\376\377\0004\000.\0003\000.\0003\000\040\000M\000e\000m\000b\000e\000r\000\040\000F\000u\000n\000c\000t\000i\000o\000n\000\040\000D\000o\000c\000u\000m\000e\000n\000t\000a\000t\000i\000o\000n}{section.4.3}% 22
\BOOKMARK [3][-]{subsubsection.4.3.3.1}{\376\377\0004\000.\0003\000.\0003\000.\0001\000\040\000g\000e\000t\000C\000o\000u\000r\000s\000e\000C\000o\000d\000e\000\050\000\051}{subsection.4.3.3}% 23
\BOOKMARK [3][-]{subsubsection.4.3.3.2}{\376\377\0004\000.\0003\000.\0003\000.\0002\000\040\000g\000e\000t\000C\000r\000e\000d\000i\000t\000H\000o\000u\000r\000s\000\050\000\051}{subsection.4.3.3}% 24
\BOOKMARK [3][-]{subsubsection.4.3.3.3}{\376\377\0004\000.\0003\000.\0003\000.\0003\000\040\000g\000e\000t\000I\000d\000\050\000\051}{subsection.4.3.3}% 25
\BOOKMARK [3][-]{subsubsection.4.3.3.4}{\376\377\0004\000.\0003\000.\0003\000.\0004\000\040\000g\000e\000t\000I\000n\000s\000t\000r\000u\000c\000t\000o\000r\000\050\000\051}{subsection.4.3.3}% 26
\BOOKMARK [3][-]{subsubsection.4.3.3.5}{\376\377\0004\000.\0003\000.\0003\000.\0005\000\040\000g\000e\000t\000T\000i\000t\000l\000e\000\050\000\051}{subsection.4.3.3}% 27
\BOOKMARK [3][-]{subsubsection.4.3.3.6}{\376\377\0004\000.\0003\000.\0003\000.\0006\000\040\000g\000e\000t\000T\000o\000t\000a\000l\000S\000t\000u\000d\000e\000n\000t\000s\000\050\000\051}{subsection.4.3.3}% 28
\BOOKMARK [3][-]{subsubsection.4.3.3.7}{\376\377\0004\000.\0003\000.\0003\000.\0007\000\040\000s\000e\000t\000C\000o\000u\000r\000s\000e\000C\000o\000d\000e\000\050\000\051}{subsection.4.3.3}% 29
\BOOKMARK [3][-]{subsubsection.4.3.3.8}{\376\377\0004\000.\0003\000.\0003\000.\0008\000\040\000s\000e\000t\000C\000r\000e\000d\000i\000t\000H\000o\000u\000r\000s\000\050\000\051}{subsection.4.3.3}% 30
\BOOKMARK [3][-]{subsubsection.4.3.3.9}{\376\377\0004\000.\0003\000.\0003\000.\0009\000\040\000s\000e\000t\000I\000d\000\050\000\051}{subsection.4.3.3}% 31
\BOOKMARK [3][-]{subsubsection.4.3.3.10}{\376\377\0004\000.\0003\000.\0003\000.\0001\0000\000\040\000s\000e\000t\000I\000n\000s\000t\000r\000u\000c\000t\000o\000r\000\050\000\051}{subsection.4.3.3}% 32
\BOOKMARK [3][-]{subsubsection.4.3.3.11}{\376\377\0004\000.\0003\000.\0003\000.\0001\0001\000\040\000s\000e\000t\000T\000i\000t\000l\000e\000\050\000\051}{subsection.4.3.3}% 33
\BOOKMARK [3][-]{subsubsection.4.3.3.12}{\376\377\0004\000.\0003\000.\0003\000.\0001\0002\000\040\000s\000e\000t\000T\000o\000t\000a\000l\000S\000t\000u\000d\000e\000n\000t\000s\000\050\000\051}{subsection.4.3.3}% 34
\BOOKMARK [1][-]{section.4.4}{\376\377\0004\000.\0004\000\040\000e\000d\000u\000.\000n\000u\000.\000s\000g\000m\000.\000C\000o\000u\000r\000s\000e\000C\000r\000e\000a\000t\000i\000o\000n\000T\000e\000s\000t\000\040\000C\000l\000a\000s\000s\000\040\000R\000e\000f\000e\000r\000e\000n\000c\000e}{chapter.4}% 35
\BOOKMARK [1][-]{section.4.5}{\376\377\0004\000.\0005\000\040\000e\000d\000u\000.\000n\000u\000.\000s\000g\000m\000.\000s\000e\000r\000v\000i\000c\000e\000s\000.\000C\000o\000u\000r\000s\000e\000S\000e\000r\000v\000i\000c\000e\000\040\000C\000l\000a\000s\000s\000\040\000R\000e\000f\000e\000r\000e\000n\000c\000e}{chapter.4}% 36
\BOOKMARK [2][-]{subsection.4.5.1}{\376\377\0004\000.\0005\000.\0001\000\040\000D\000e\000t\000a\000i\000l\000e\000d\000\040\000D\000e\000s\000c\000r\000i\000p\000t\000i\000o\000n}{section.4.5}% 37
\BOOKMARK [2][-]{subsection.4.5.2}{\376\377\0004\000.\0005\000.\0002\000\040\000M\000e\000m\000b\000e\000r\000\040\000F\000u\000n\000c\000t\000i\000o\000n\000\040\000D\000o\000c\000u\000m\000e\000n\000t\000a\000t\000i\000o\000n}{section.4.5}% 38
\BOOKMARK [3][-]{subsubsection.4.5.2.1}{\376\377\0004\000.\0005\000.\0002\000.\0001\000\040\000a\000d\000d\000C\000o\000u\000r\000s\000e\000\050\000\051}{subsection.4.5.2}% 39
\BOOKMARK [3][-]{subsubsection.4.5.2.2}{\376\377\0004\000.\0005\000.\0002\000.\0002\000\040\000c\000o\000u\000r\000s\000e\000E\000x\000i\000s\000t\000s\000\050\000\051}{subsection.4.5.2}% 40
\BOOKMARK [3][-]{subsubsection.4.5.2.3}{\376\377\0004\000.\0005\000.\0002\000.\0003\000\040\000d\000i\000s\000p\000l\000a\000y\000D\000e\000t\000a\000i\000l\000s\000\050\000\051}{subsection.4.5.2}% 41
\BOOKMARK [3][-]{subsubsection.4.5.2.4}{\376\377\0004\000.\0005\000.\0002\000.\0004\000\040\000e\000x\000p\000o\000r\000t\000C\000o\000u\000r\000s\000e\000s\000\050\000\051}{subsection.4.5.2}% 42
\BOOKMARK [3][-]{subsubsection.4.5.2.5}{\376\377\0004\000.\0005\000.\0002\000.\0005\000\040\000g\000e\000t\000A\000l\000l\000C\000o\000u\000r\000s\000e\000s\000\050\000\051}{subsection.4.5.2}% 43
\BOOKMARK [3][-]{subsubsection.4.5.2.6}{\376\377\0004\000.\0005\000.\0002\000.\0006\000\040\000g\000e\000t\000C\000o\000u\000r\000s\000e\000B\000y\000I\000d\000\050\000\051}{subsection.4.5.2}% 44
\BOOKMARK [3][-]{subsubsection.4.5.2.7}{\376\377\0004\000.\0005\000.\0002\000.\0007\000\040\000g\000e\000t\000S\000t\000u\000d\000e\000n\000t\000s\000\050\000\051}{subsection.4.5.2}% 45
\BOOKMARK [3][-]{subsubsection.4.5.2.8}{\376\377\0004\000.\0005\000.\0002\000.\0008\000\040\000g\000e\000t\000T\000o\000t\000a\000l\000S\000t\000u\000d\000e\000n\000t\000s\000\050\000\051}{subsection.4.5.2}% 46
\BOOKMARK [3][-]{subsubsection.4.5.2.9}{\376\377\0004\000.\0005\000.\0002\000.\0009\000\040\000i\000m\000p\000o\000r\000t\000C\000o\000u\000r\000s\000e\000s\000\050\000\051}{subsection.4.5.2}% 47
\BOOKMARK [3][-]{subsubsection.4.5.2.10}{\376\377\0004\000.\0005\000.\0002\000.\0001\0000\000\040\000r\000e\000m\000o\000v\000e\000C\000o\000u\000r\000s\000e\000\050\000\051}{subsection.4.5.2}% 48
\BOOKMARK [1][-]{section.4.6}{\376\377\0004\000.\0006\000\040\000e\000d\000u\000.\000n\000u\000.\000s\000g\000m\000.\000c\000o\000n\000t\000r\000o\000l\000l\000e\000r\000s\000.\000C\000o\000u\000r\000s\000e\000V\000i\000e\000w\000C\000o\000n\000t\000r\000o\000l\000l\000e\000r\000\040\000C\000l\000a\000s\000s\000\040\000R\000e\000f\000e\000r\000e\000n\000c\000e}{chapter.4}% 49
\BOOKMARK [2][-]{subsection.4.6.1}{\376\377\0004\000.\0006\000.\0001\000\040\000D\000e\000t\000a\000i\000l\000e\000d\000\040\000D\000e\000s\000c\000r\000i\000p\000t\000i\000o\000n}{section.4.6}% 50
\BOOKMARK [2][-]{subsection.4.6.2}{\376\377\0004\000.\0006\000.\0002\000\040\000M\000e\000m\000b\000e\000r\000\040\000F\000u\000n\000c\000t\000i\000o\000n\000\040\000D\000o\000c\000u\000m\000e\000n\000t\000a\000t\000i\000o\000n}{section.4.6}% 51
\BOOKMARK [3][-]{subsubsection.4.6.2.1}{\376\377\0004\000.\0006\000.\0002\000.\0001\000\040\000s\000e\000t\000C\000o\000u\000r\000s\000e\000\050\000\051}{subsection.4.6.2}% 52
\BOOKMARK [1][-]{section.4.7}{\376\377\0004\000.\0007\000\040\000e\000d\000u\000.\000n\000u\000.\000s\000g\000m\000.\000u\000t\000i\000l\000s\000.\000D\000a\000t\000a\000b\000a\000s\000e\000M\000a\000n\000a\000g\000e\000r\000\040\000C\000l\000a\000s\000s\000\040\000R\000e\000f\000e\000r\000e\000n\000c\000e}{chapter.4}% 53
\BOOKMARK [2][-]{subsection.4.7.1}{\376\377\0004\000.\0007\000.\0001\000\040\000M\000e\000m\000b\000e\000r\000\040\000F\000u\000n\000c\000t\000i\000o\000n\000\040\000D\000o\000c\000u\000m\000e\000n\000t\000a\000t\000i\000o\000n}{section.4.7}% 54
\BOOKMARK [3][-]{subsubsection.4.7.1.1}{\376\377\0004\000.\0007\000.\0001\000.\0001\000\040\000c\000r\000e\000a\000t\000e\000C\000o\000u\000r\000s\000e\000\050\000\051}{subsection.4.7.1}% 55
\BOOKMARK [3][-]{subsubsection.4.7.1.2}{\376\377\0004\000.\0007\000.\0001\000.\0002\000\040\000c\000r\000e\000a\000t\000e\000E\000n\000r\000o\000l\000l\000m\000e\000n\000t\000\050\000\051}{subsection.4.7.1}% 56
\BOOKMARK [3][-]{subsubsection.4.7.1.3}{\376\377\0004\000.\0007\000.\0001\000.\0003\000\040\000c\000r\000e\000a\000t\000e\000G\000r\000a\000d\000e\000\050\000\051}{subsection.4.7.1}% 57
\BOOKMARK [3][-]{subsubsection.4.7.1.4}{\376\377\0004\000.\0007\000.\0001\000.\0004\000\040\000c\000r\000e\000a\000t\000e\000S\000t\000u\000d\000e\000n\000t\000\050\000\051}{subsection.4.7.1}% 58
\BOOKMARK [3][-]{subsubsection.4.7.1.5}{\376\377\0004\000.\0007\000.\0001\000.\0005\000\040\000d\000e\000l\000e\000t\000e\000C\000o\000u\000r\000s\000e\000\050\000\051}{subsection.4.7.1}% 59
\BOOKMARK [3][-]{subsubsection.4.7.1.6}{\376\377\0004\000.\0007\000.\0001\000.\0006\000\040\000d\000e\000l\000e\000t\000e\000E\000n\000r\000o\000l\000l\000m\000e\000n\000t\000\050\000\051\000\040\000[\0001\000/\0003\000]}{subsection.4.7.1}% 60
\BOOKMARK [3][-]{subsubsection.4.7.1.7}{\376\377\0004\000.\0007\000.\0001\000.\0007\000\040\000d\000e\000l\000e\000t\000e\000E\000n\000r\000o\000l\000l\000m\000e\000n\000t\000\050\000\051\000\040\000[\0002\000/\0003\000]}{subsection.4.7.1}% 61
\BOOKMARK [3][-]{subsubsection.4.7.1.8}{\376\377\0004\000.\0007\000.\0001\000.\0008\000\040\000d\000e\000l\000e\000t\000e\000E\000n\000r\000o\000l\000l\000m\000e\000n\000t\000\050\000\051\000\040\000[\0003\000/\0003\000]}{subsection.4.7.1}% 62
\BOOKMARK [3][-]{subsubsection.4.7.1.9}{\376\377\0004\000.\0007\000.\0001\000.\0009\000\040\000d\000e\000l\000e\000t\000e\000G\000r\000a\000d\000e\000\050\000\051}{subsection.4.7.1}% 63
\BOOKMARK [3][-]{subsubsection.4.7.1.10}{\376\377\0004\000.\0007\000.\0001\000.\0001\0000\000\040\000d\000e\000l\000e\000t\000e\000S\000t\000u\000d\000e\000n\000t\000\050\000\051}{subsection.4.7.1}% 64
\BOOKMARK [3][-]{subsubsection.4.7.1.11}{\376\377\0004\000.\0007\000.\0001\000.\0001\0001\000\040\000f\000e\000t\000c\000h\000C\000o\000u\000r\000s\000e\000\050\000\051}{subsection.4.7.1}% 65
\BOOKMARK [3][-]{subsubsection.4.7.1.12}{\376\377\0004\000.\0007\000.\0001\000.\0001\0002\000\040\000f\000e\000t\000c\000h\000C\000o\000u\000r\000s\000e\000s\000\050\000\051\000\040\000[\0001\000/\0002\000]}{subsection.4.7.1}% 66
\BOOKMARK [3][-]{subsubsection.4.7.1.13}{\376\377\0004\000.\0007\000.\0001\000.\0001\0003\000\040\000f\000e\000t\000c\000h\000C\000o\000u\000r\000s\000e\000s\000\050\000\051\000\040\000[\0002\000/\0002\000]}{subsection.4.7.1}% 67
\BOOKMARK [3][-]{subsubsection.4.7.1.14}{\376\377\0004\000.\0007\000.\0001\000.\0001\0004\000\040\000f\000e\000t\000c\000h\000E\000n\000r\000o\000l\000l\000m\000e\000n\000t\000\050\000\051\000\040\000[\0001\000/\0003\000]}{subsection.4.7.1}% 68
\BOOKMARK [3][-]{subsubsection.4.7.1.15}{\376\377\0004\000.\0007\000.\0001\000.\0001\0005\000\040\000f\000e\000t\000c\000h\000E\000n\000r\000o\000l\000l\000m\000e\000n\000t\000\050\000\051\000\040\000[\0002\000/\0003\000]}{subsection.4.7.1}% 69
\BOOKMARK [3][-]{subsubsection.4.7.1.16}{\376\377\0004\000.\0007\000.\0001\000.\0001\0006\000\040\000f\000e\000t\000c\000h\000E\000n\000r\000o\000l\000l\000m\000e\000n\000t\000\050\000\051\000\040\000[\0003\000/\0003\000]}{subsection.4.7.1}% 70
\BOOKMARK [3][-]{subsubsection.4.7.1.17}{\376\377\0004\000.\0007\000.\0001\000.\0001\0007\000\040\000f\000e\000t\000c\000h\000G\000r\000a\000d\000e\000s\000\050\000\051}{subsection.4.7.1}% 71
\BOOKMARK [3][-]{subsubsection.4.7.1.18}{\376\377\0004\000.\0007\000.\0001\000.\0001\0008\000\040\000f\000e\000t\000c\000h\000S\000t\000u\000d\000e\000n\000t\000s\000\050\000\051\000\040\000[\0001\000/\0002\000]}{subsection.4.7.1}% 72
\BOOKMARK [3][-]{subsubsection.4.7.1.19}{\376\377\0004\000.\0007\000.\0001\000.\0001\0009\000\040\000f\000e\000t\000c\000h\000S\000t\000u\000d\000e\000n\000t\000s\000\050\000\051\000\040\000[\0002\000/\0002\000]}{subsection.4.7.1}% 73
\BOOKMARK [3][-]{subsubsection.4.7.1.20}{\376\377\0004\000.\0007\000.\0001\000.\0002\0000\000\040\000u\000p\000d\000a\000t\000e\000C\000o\000u\000r\000s\000e\000\050\000\051}{subsection.4.7.1}% 74
\BOOKMARK [3][-]{subsubsection.4.7.1.21}{\376\377\0004\000.\0007\000.\0001\000.\0002\0001\000\040\000u\000p\000d\000a\000t\000e\000G\000r\000a\000d\000e\000s\000\050\000\051}{subsection.4.7.1}% 75
\BOOKMARK [3][-]{subsubsection.4.7.1.22}{\376\377\0004\000.\0007\000.\0001\000.\0002\0002\000\040\000u\000p\000d\000a\000t\000e\000S\000t\000u\000d\000e\000n\000t\000\050\000\051}{subsection.4.7.1}% 76
\BOOKMARK [1][-]{section.4.8}{\376\377\0004\000.\0008\000\040\000e\000d\000u\000.\000n\000u\000.\000s\000g\000m\000.\000D\000a\000t\000a\000b\000a\000s\000e\000M\000a\000n\000a\000g\000e\000r\000T\000e\000s\000t\000\040\000C\000l\000a\000s\000s\000\040\000R\000e\000f\000e\000r\000e\000n\000c\000e}{chapter.4}% 77
\BOOKMARK [1][-]{section.4.9}{\376\377\0004\000.\0009\000\040\000e\000d\000u\000.\000n\000u\000.\000s\000g\000m\000.\000c\000o\000n\000t\000r\000o\000l\000l\000e\000r\000s\000.\000E\000n\000r\000o\000l\000l\000C\000o\000u\000r\000s\000e\000\040\000C\000l\000a\000s\000s\000\040\000R\000e\000f\000e\000r\000e\000n\000c\000e}{chapter.4}% 78
\BOOKMARK [1][-]{section.4.10}{\376\377\0004\000.\0001\0000\000\040\000e\000d\000u\000.\000n\000u\000.\000s\000g\000m\000.\000m\000o\000d\000e\000l\000s\000.\000E\000n\000r\000o\000l\000l\000m\000e\000n\000t\000\040\000C\000l\000a\000s\000s\000\040\000R\000e\000f\000e\000r\000e\000n\000c\000e}{chapter.4}% 79
\BOOKMARK [2][-]{subsection.4.10.1}{\376\377\0004\000.\0001\0000\000.\0001\000\040\000D\000e\000t\000a\000i\000l\000e\000d\000\040\000D\000e\000s\000c\000r\000i\000p\000t\000i\000o\000n}{section.4.10}% 80
\BOOKMARK [2][-]{subsection.4.10.2}{\376\377\0004\000.\0001\0000\000.\0002\000\040\000C\000o\000n\000s\000t\000r\000u\000c\000t\000o\000r\000\040\000\046\000\040\000D\000e\000s\000t\000r\000u\000c\000t\000o\000r\000\040\000D\000o\000c\000u\000m\000e\000n\000t\000a\000t\000i\000o\000n}{section.4.10}% 81
\BOOKMARK [3][-]{subsubsection.4.10.2.1}{\376\377\0004\000.\0001\0000\000.\0002\000.\0001\000\040\000E\000n\000r\000o\000l\000l\000m\000e\000n\000t\000\050\000\051}{subsection.4.10.2}% 82
\BOOKMARK [2][-]{subsection.4.10.3}{\376\377\0004\000.\0001\0000\000.\0003\000\040\000M\000e\000m\000b\000e\000r\000\040\000F\000u\000n\000c\000t\000i\000o\000n\000\040\000D\000o\000c\000u\000m\000e\000n\000t\000a\000t\000i\000o\000n}{section.4.10}% 83
\BOOKMARK [3][-]{subsubsection.4.10.3.1}{\376\377\0004\000.\0001\0000\000.\0003\000.\0001\000\040\000g\000e\000t\000C\000o\000u\000r\000s\000e\000\050\000\051}{subsection.4.10.3}% 84
\BOOKMARK [3][-]{subsubsection.4.10.3.2}{\376\377\0004\000.\0001\0000\000.\0003\000.\0002\000\040\000g\000e\000t\000I\000d\000\050\000\051}{subsection.4.10.3}% 85
\BOOKMARK [3][-]{subsubsection.4.10.3.3}{\376\377\0004\000.\0001\0000\000.\0003\000.\0003\000\040\000g\000e\000t\000S\000t\000u\000d\000e\000n\000t\000\050\000\051}{subsection.4.10.3}% 86
\BOOKMARK [3][-]{subsubsection.4.10.3.4}{\376\377\0004\000.\0001\0000\000.\0003\000.\0004\000\040\000s\000e\000t\000I\000D\000\050\000\051}{subsection.4.10.3}% 87
\BOOKMARK [1][-]{section.4.11}{\376\377\0004\000.\0001\0001\000\040\000e\000d\000u\000.\000n\000u\000.\000s\000g\000m\000.\000s\000e\000r\000v\000i\000c\000e\000s\000.\000E\000n\000r\000o\000l\000l\000m\000e\000n\000t\000S\000e\000r\000v\000i\000c\000e\000\040\000C\000l\000a\000s\000s\000\040\000R\000e\000f\000e\000r\000e\000n\000c\000e}{chapter.4}% 88
\BOOKMARK [2][-]{subsection.4.11.1}{\376\377\0004\000.\0001\0001\000.\0001\000\040\000D\000e\000t\000a\000i\000l\000e\000d\000\040\000D\000e\000s\000c\000r\000i\000p\000t\000i\000o\000n}{section.4.11}% 89
\BOOKMARK [2][-]{subsection.4.11.2}{\376\377\0004\000.\0001\0001\000.\0002\000\040\000M\000e\000m\000b\000e\000r\000\040\000F\000u\000n\000c\000t\000i\000o\000n\000\040\000D\000o\000c\000u\000m\000e\000n\000t\000a\000t\000i\000o\000n}{section.4.11}% 90
\BOOKMARK [3][-]{subsubsection.4.11.2.1}{\376\377\0004\000.\0001\0001\000.\0002\000.\0001\000\040\000d\000r\000o\000p\000C\000o\000u\000r\000s\000e\000\050\000\051}{subsection.4.11.2}% 91
\BOOKMARK [3][-]{subsubsection.4.11.2.2}{\376\377\0004\000.\0001\0001\000.\0002\000.\0002\000\040\000e\000n\000r\000o\000l\000l\000S\000t\000u\000d\000e\000n\000t\000\050\000\051}{subsection.4.11.2}% 92
\BOOKMARK [3][-]{subsubsection.4.11.2.3}{\376\377\0004\000.\0001\0001\000.\0002\000.\0003\000\040\000g\000e\000n\000e\000r\000a\000t\000e\000R\000e\000p\000o\000r\000t\000C\000a\000r\000d\000\050\000\051}{subsection.4.11.2}% 93
\BOOKMARK [1][-]{section.4.12}{\376\377\0004\000.\0001\0002\000\040\000e\000d\000u\000.\000n\000u\000.\000s\000g\000m\000.\000E\000n\000r\000o\000l\000l\000m\000e\000n\000t\000T\000e\000s\000t\000\040\000C\000l\000a\000s\000s\000\040\000R\000e\000f\000e\000r\000e\000n\000c\000e}{chapter.4}% 94
\BOOKMARK [1][-]{section.4.13}{\376\377\0004\000.\0001\0003\000\040\000e\000d\000u\000.\000n\000u\000.\000s\000g\000m\000.\000c\000o\000n\000t\000r\000o\000l\000l\000e\000r\000s\000.\000E\000n\000r\000o\000l\000l\000S\000t\000u\000d\000e\000n\000t\000s\000\040\000C\000l\000a\000s\000s\000\040\000R\000e\000f\000e\000r\000e\000n\000c\000e}{chapter.4}% 95
\BOOKMARK [2][-]{subsection.4.13.1}{\376\377\0004\000.\0001\0003\000.\0001\000\040\000D\000e\000t\000a\000i\000l\000e\000d\000\040\000D\000e\000s\000c\000r\000i\000p\000t\000i\000o\000n}{section.4.13}% 96
\BOOKMARK [2][-]{subsection.4.13.2}{\376\377\0004\000.\0001\0003\000.\0002\000\040\000M\000e\000m\000b\000e\000r\000\040\000F\000u\000n\000c\000t\000i\000o\000n\000\040\000D\000o\000c\000u\000m\000e\000n\000t\000a\000t\000i\000o\000n}{section.4.13}% 97
\BOOKMARK [3][-]{subsubsection.4.13.2.1}{\376\377\0004\000.\0001\0003\000.\0002\000.\0001\000\040\000s\000e\000t\000C\000o\000u\000r\000s\000e\000\050\000\051}{subsection.4.13.2}% 98
\BOOKMARK [3][-]{subsubsection.4.13.2.2}{\376\377\0004\000.\0001\0003\000.\0002\000.\0002\000\040\000s\000e\000t\000D\000i\000a\000l\000o\000g\000\050\000\051}{subsection.4.13.2}% 99
\BOOKMARK [1][-]{section.4.14}{\376\377\0004\000.\0001\0004\000\040\000e\000d\000u\000.\000n\000u\000.\000s\000g\000m\000.\000m\000o\000d\000e\000l\000s\000.\000G\000r\000a\000d\000e\000I\000t\000e\000m\000\040\000C\000l\000a\000s\000s\000\040\000R\000e\000f\000e\000r\000e\000n\000c\000e}{chapter.4}% 100
\BOOKMARK [2][-]{subsection.4.14.1}{\376\377\0004\000.\0001\0004\000.\0001\000\040\000D\000e\000t\000a\000i\000l\000e\000d\000\040\000D\000e\000s\000c\000r\000i\000p\000t\000i\000o\000n}{section.4.14}% 101
\BOOKMARK [2][-]{subsection.4.14.2}{\376\377\0004\000.\0001\0004\000.\0002\000\040\000C\000o\000n\000s\000t\000r\000u\000c\000t\000o\000r\000\040\000\046\000\040\000D\000e\000s\000t\000r\000u\000c\000t\000o\000r\000\040\000D\000o\000c\000u\000m\000e\000n\000t\000a\000t\000i\000o\000n}{section.4.14}% 102
\BOOKMARK [3][-]{subsubsection.4.14.2.1}{\376\377\0004\000.\0001\0004\000.\0002\000.\0001\000\040\000G\000r\000a\000d\000e\000I\000t\000e\000m\000\050\000\051}{subsection.4.14.2}% 103
\BOOKMARK [2][-]{subsection.4.14.3}{\376\377\0004\000.\0001\0004\000.\0003\000\040\000M\000e\000m\000b\000e\000r\000\040\000F\000u\000n\000c\000t\000i\000o\000n\000\040\000D\000o\000c\000u\000m\000e\000n\000t\000a\000t\000i\000o\000n}{section.4.14}% 104
\BOOKMARK [3][-]{subsubsection.4.14.3.1}{\376\377\0004\000.\0001\0004\000.\0003\000.\0001\000\040\000g\000e\000t\000C\000a\000t\000e\000g\000o\000r\000y\000\050\000\051}{subsection.4.14.3}% 105
\BOOKMARK [3][-]{subsubsection.4.14.3.2}{\376\377\0004\000.\0001\0004\000.\0003\000.\0002\000\040\000g\000e\000t\000F\000e\000e\000d\000b\000a\000c\000k\000\050\000\051}{subsection.4.14.3}% 106
\BOOKMARK [3][-]{subsubsection.4.14.3.3}{\376\377\0004\000.\0001\0004\000.\0003\000.\0003\000\040\000g\000e\000t\000I\000d\000\050\000\051}{subsection.4.14.3}% 107
\BOOKMARK [3][-]{subsubsection.4.14.3.4}{\376\377\0004\000.\0001\0004\000.\0003\000.\0004\000\040\000g\000e\000t\000M\000a\000x\000S\000c\000o\000r\000e\000\050\000\051}{subsection.4.14.3}% 108
\BOOKMARK [3][-]{subsubsection.4.14.3.5}{\376\377\0004\000.\0001\0004\000.\0003\000.\0005\000\040\000g\000e\000t\000S\000c\000o\000r\000e\000\050\000\051}{subsection.4.14.3}% 109
\BOOKMARK [3][-]{subsubsection.4.14.3.6}{\376\377\0004\000.\0001\0004\000.\0003\000.\0006\000\040\000g\000e\000t\000T\000i\000t\000l\000e\000\050\000\051}{subsection.4.14.3}% 110
\BOOKMARK [3][-]{subsubsection.4.14.3.7}{\376\377\0004\000.\0001\0004\000.\0003\000.\0007\000\040\000g\000e\000t\000W\000e\000i\000g\000h\000t\000\050\000\051}{subsection.4.14.3}% 111
\BOOKMARK [3][-]{subsubsection.4.14.3.8}{\376\377\0004\000.\0001\0004\000.\0003\000.\0008\000\040\000s\000e\000t\000C\000a\000t\000e\000g\000o\000r\000y\000\050\000\051}{subsection.4.14.3}% 112
\BOOKMARK [3][-]{subsubsection.4.14.3.9}{\376\377\0004\000.\0001\0004\000.\0003\000.\0009\000\040\000s\000e\000t\000F\000e\000e\000d\000b\000a\000c\000k\000\050\000\051}{subsection.4.14.3}% 113
\BOOKMARK [3][-]{subsubsection.4.14.3.10}{\376\377\0004\000.\0001\0004\000.\0003\000.\0001\0000\000\040\000s\000e\000t\000I\000d\000\050\000\051}{subsection.4.14.3}% 114
\BOOKMARK [3][-]{subsubsection.4.14.3.11}{\376\377\0004\000.\0001\0004\000.\0003\000.\0001\0001\000\040\000s\000e\000t\000M\000a\000x\000S\000c\000o\000r\000e\000\050\000\051}{subsection.4.14.3}% 115
\BOOKMARK [3][-]{subsubsection.4.14.3.12}{\376\377\0004\000.\0001\0004\000.\0003\000.\0001\0002\000\040\000s\000e\000t\000S\000c\000o\000r\000e\000\050\000\051}{subsection.4.14.3}% 116
\BOOKMARK [3][-]{subsubsection.4.14.3.13}{\376\377\0004\000.\0001\0004\000.\0003\000.\0001\0003\000\040\000s\000e\000t\000T\000i\000t\000l\000e\000\050\000\051}{subsection.4.14.3}% 117
\BOOKMARK [3][-]{subsubsection.4.14.3.14}{\376\377\0004\000.\0001\0004\000.\0003\000.\0001\0004\000\040\000s\000e\000t\000W\000e\000i\000g\000h\000t\000\050\000\051}{subsection.4.14.3}% 118
\BOOKMARK [1][-]{section.4.15}{\376\377\0004\000.\0001\0005\000\040\000e\000d\000u\000.\000n\000u\000.\000s\000g\000m\000.\000s\000e\000r\000v\000i\000c\000e\000s\000.\000G\000r\000a\000d\000e\000I\000t\000e\000m\000S\000e\000r\000v\000i\000c\000e\000\040\000C\000l\000a\000s\000s\000\040\000R\000e\000f\000e\000r\000e\000n\000c\000e}{chapter.4}% 119
\BOOKMARK [2][-]{subsection.4.15.1}{\376\377\0004\000.\0001\0005\000.\0001\000\040\000D\000e\000t\000a\000i\000l\000e\000d\000\040\000D\000e\000s\000c\000r\000i\000p\000t\000i\000o\000n}{section.4.15}% 120
\BOOKMARK [2][-]{subsection.4.15.2}{\376\377\0004\000.\0001\0005\000.\0002\000\040\000M\000e\000m\000b\000e\000r\000\040\000F\000u\000n\000c\000t\000i\000o\000n\000\040\000D\000o\000c\000u\000m\000e\000n\000t\000a\000t\000i\000o\000n}{section.4.15}% 121
\BOOKMARK [3][-]{subsubsection.4.15.2.1}{\376\377\0004\000.\0001\0005\000.\0002\000.\0001\000\040\000a\000d\000d\000G\000r\000a\000d\000e\000I\000t\000e\000m\000\050\000\051}{subsection.4.15.2}% 122
\BOOKMARK [3][-]{subsubsection.4.15.2.2}{\376\377\0004\000.\0001\0005\000.\0002\000.\0002\000\040\000c\000a\000l\000c\000u\000l\000a\000t\000e\000T\000o\000t\000a\000l\000G\000r\000a\000d\000e\000\050\000\051}{subsection.4.15.2}% 123
\BOOKMARK [3][-]{subsubsection.4.15.2.3}{\376\377\0004\000.\0001\0005\000.\0002\000.\0003\000\040\000e\000x\000p\000o\000r\000t\000G\000r\000a\000d\000e\000I\000t\000e\000m\000s\000\050\000\051}{subsection.4.15.2}% 124
\BOOKMARK [3][-]{subsubsection.4.15.2.4}{\376\377\0004\000.\0001\0005\000.\0002\000.\0004\000\040\000g\000e\000t\000G\000r\000a\000d\000e\000s\000\050\000\051}{subsection.4.15.2}% 125
\BOOKMARK [3][-]{subsubsection.4.15.2.5}{\376\377\0004\000.\0001\0005\000.\0002\000.\0005\000\040\000i\000m\000p\000o\000G\000r\000a\000d\000e\000I\000t\000e\000m\000s\000\050\000\051}{subsection.4.15.2}% 126
\BOOKMARK [3][-]{subsubsection.4.15.2.6}{\376\377\0004\000.\0001\0005\000.\0002\000.\0006\000\040\000r\000e\000m\000o\000v\000e\000G\000r\000a\000d\000e\000I\000t\000e\000m\000\050\000\051}{subsection.4.15.2}% 127
\BOOKMARK [1][-]{section.4.16}{\376\377\0004\000.\0001\0006\000\040\000e\000d\000u\000.\000n\000u\000.\000s\000g\000m\000.\000G\000r\000a\000d\000e\000I\000t\000e\000m\000S\000e\000r\000v\000i\000c\000e\000T\000e\000s\000t\000\040\000C\000l\000a\000s\000s\000\040\000R\000e\000f\000e\000r\000e\000n\000c\000e}{chapter.4}% 128
\BOOKMARK [1][-]{section.4.17}{\376\377\0004\000.\0001\0007\000\040\000e\000d\000u\000.\000n\000u\000.\000s\000g\000m\000.\000M\000a\000i\000n\000\040\000C\000l\000a\000s\000s\000\040\000R\000e\000f\000e\000r\000e\000n\000c\000e}{chapter.4}% 129
\BOOKMARK [1][-]{section.4.18}{\376\377\0004\000.\0001\0008\000\040\000e\000d\000u\000.\000n\000u\000.\000s\000g\000m\000.\000c\000o\000n\000t\000r\000o\000l\000l\000e\000r\000s\000.\000M\000a\000i\000n\000V\000i\000e\000w\000C\000o\000n\000t\000r\000o\000l\000l\000e\000r\000\040\000C\000l\000a\000s\000s\000\040\000R\000e\000f\000e\000r\000e\000n\000c\000e}{chapter.4}% 130
\BOOKMARK [1][-]{section.4.19}{\376\377\0004\000.\0001\0009\000\040\000e\000d\000u\000.\000n\000u\000.\000s\000g\000m\000.\000u\000t\000i\000l\000s\000.\000R\000e\000a\000d\000e\000r\000\040\000C\000l\000a\000s\000s\000\040\000R\000e\000f\000e\000r\000e\000n\000c\000e}{chapter.4}% 131
\BOOKMARK [2][-]{subsection.4.19.1}{\376\377\0004\000.\0001\0009\000.\0001\000\040\000D\000e\000t\000a\000i\000l\000e\000d\000\040\000D\000e\000s\000c\000r\000i\000p\000t\000i\000o\000n}{section.4.19}% 132
\BOOKMARK [2][-]{subsection.4.19.2}{\376\377\0004\000.\0001\0009\000.\0002\000\040\000M\000e\000m\000b\000e\000r\000\040\000F\000u\000n\000c\000t\000i\000o\000n\000\040\000D\000o\000c\000u\000m\000e\000n\000t\000a\000t\000i\000o\000n}{section.4.19}% 133
\BOOKMARK [3][-]{subsubsection.4.19.2.1}{\376\377\0004\000.\0001\0009\000.\0002\000.\0001\000\040\000p\000a\000r\000s\000e\000C\000o\000u\000r\000s\000e\000E\000x\000p\000o\000r\000t\000\050\000\051}{subsection.4.19.2}% 134
\BOOKMARK [3][-]{subsubsection.4.19.2.2}{\376\377\0004\000.\0001\0009\000.\0002\000.\0002\000\040\000p\000a\000r\000s\000e\000C\000o\000u\000r\000s\000e\000I\000m\000p\000o\000r\000t\000\050\000\051}{subsection.4.19.2}% 135
\BOOKMARK [3][-]{subsubsection.4.19.2.3}{\376\377\0004\000.\0001\0009\000.\0002\000.\0003\000\040\000p\000a\000r\000s\000e\000G\000r\000a\000d\000e\000I\000t\000e\000m\000s\000E\000x\000p\000o\000r\000t\000\050\000\051}{subsection.4.19.2}% 136
\BOOKMARK [3][-]{subsubsection.4.19.2.4}{\376\377\0004\000.\0001\0009\000.\0002\000.\0004\000\040\000p\000a\000r\000s\000e\000G\000r\000a\000d\000e\000I\000t\000e\000m\000s\000I\000m\000p\000o\000r\000t\000\050\000\051}{subsection.4.19.2}% 137
\BOOKMARK [3][-]{subsubsection.4.19.2.5}{\376\377\0004\000.\0001\0009\000.\0002\000.\0005\000\040\000p\000a\000r\000s\000e\000S\000t\000u\000d\000e\000n\000t\000E\000x\000p\000o\000r\000t\000\050\000\051}{subsection.4.19.2}% 138
\BOOKMARK [3][-]{subsubsection.4.19.2.6}{\376\377\0004\000.\0001\0009\000.\0002\000.\0006\000\040\000p\000a\000r\000s\000e\000S\000t\000u\000d\000e\000n\000t\000I\000m\000p\000o\000r\000t\000\050\000\051}{subsection.4.19.2}% 139
\BOOKMARK [3][-]{subsubsection.4.19.2.7}{\376\377\0004\000.\0001\0009\000.\0002\000.\0007\000\040\000r\000e\000a\000d\000C\000S\000V\000\050\000\051}{subsection.4.19.2}% 140
\BOOKMARK [3][-]{subsubsection.4.19.2.8}{\376\377\0004\000.\0001\0009\000.\0002\000.\0008\000\040\000w\000r\000i\000t\000e\000C\000S\000V\000\050\000\051}{subsection.4.19.2}% 141
\BOOKMARK [1][-]{section.4.20}{\376\377\0004\000.\0002\0000\000\040\000e\000d\000u\000.\000n\000u\000.\000s\000g\000m\000.\000u\000t\000i\000l\000s\000.\000D\000a\000t\000a\000b\000a\000s\000e\000M\000a\000n\000a\000g\000e\000r\000.\000R\000e\000s\000u\000l\000t\000S\000e\000t\000M\000a\000p\000p\000e\000r\000<\000\040\000T\000\040\000>\000\040\000I\000n\000t\000e\000r\000f\000a\000c\000e\000\040\000T\000e\000m\000p\000l\000a\000t\000e\000\040\000R\000e\000f\000e\000r\000e\000n\000c\000e}{chapter.4}% 142
\BOOKMARK [1][-]{section.4.21}{\376\377\0004\000.\0002\0001\000\040\000e\000d\000u\000.\000n\000u\000.\000s\000g\000m\000.\000m\000o\000d\000e\000l\000s\000.\000S\000t\000u\000d\000e\000n\000t\000\040\000C\000l\000a\000s\000s\000\040\000R\000e\000f\000e\000r\000e\000n\000c\000e}{chapter.4}% 143
\BOOKMARK [2][-]{subsection.4.21.1}{\376\377\0004\000.\0002\0001\000.\0001\000\040\000D\000e\000t\000a\000i\000l\000e\000d\000\040\000D\000e\000s\000c\000r\000i\000p\000t\000i\000o\000n}{section.4.21}% 144
\BOOKMARK [2][-]{subsection.4.21.2}{\376\377\0004\000.\0002\0001\000.\0002\000\040\000C\000o\000n\000s\000t\000r\000u\000c\000t\000o\000r\000\040\000\046\000\040\000D\000e\000s\000t\000r\000u\000c\000t\000o\000r\000\040\000D\000o\000c\000u\000m\000e\000n\000t\000a\000t\000i\000o\000n}{section.4.21}% 145
\BOOKMARK [3][-]{subsubsection.4.21.2.1}{\376\377\0004\000.\0002\0001\000.\0002\000.\0001\000\040\000S\000t\000u\000d\000e\000n\000t\000\050\000\051}{subsection.4.21.2}% 146
\BOOKMARK [2][-]{subsection.4.21.3}{\376\377\0004\000.\0002\0001\000.\0003\000\040\000M\000e\000m\000b\000e\000r\000\040\000F\000u\000n\000c\000t\000i\000o\000n\000\040\000D\000o\000c\000u\000m\000e\000n\000t\000a\000t\000i\000o\000n}{section.4.21}% 147
\BOOKMARK [3][-]{subsubsection.4.21.3.1}{\376\377\0004\000.\0002\0001\000.\0003\000.\0001\000\040\000g\000e\000n\000e\000r\000a\000t\000e\000E\000m\000a\000i\000l\000\050\000\051}{subsection.4.21.3}% 148
\BOOKMARK [1][-]{section.4.22}{\376\377\0004\000.\0002\0002\000\040\000e\000d\000u\000.\000n\000u\000.\000s\000g\000m\000.\000s\000e\000r\000v\000i\000c\000e\000s\000.\000S\000t\000u\000d\000e\000n\000t\000S\000e\000r\000v\000i\000c\000e\000\040\000C\000l\000a\000s\000s\000\040\000R\000e\000f\000e\000r\000e\000n\000c\000e}{chapter.4}% 149
\BOOKMARK [2][-]{subsection.4.22.1}{\376\377\0004\000.\0002\0002\000.\0001\000\040\000D\000e\000t\000a\000i\000l\000e\000d\000\040\000D\000e\000s\000c\000r\000i\000p\000t\000i\000o\000n}{section.4.22}% 150
\BOOKMARK [2][-]{subsection.4.22.2}{\376\377\0004\000.\0002\0002\000.\0002\000\040\000M\000e\000m\000b\000e\000r\000\040\000F\000u\000n\000c\000t\000i\000o\000n\000\040\000D\000o\000c\000u\000m\000e\000n\000t\000a\000t\000i\000o\000n}{section.4.22}% 151
\BOOKMARK [3][-]{subsubsection.4.22.2.1}{\376\377\0004\000.\0002\0002\000.\0002\000.\0001\000\040\000a\000d\000d\000s\000t\000u\000d\000e\000n\000t\000\050\000\051}{subsection.4.22.2}% 152
\BOOKMARK [3][-]{subsubsection.4.22.2.2}{\376\377\0004\000.\0002\0002\000.\0002\000.\0002\000\040\000d\000i\000s\000p\000l\000a\000y\000D\000e\000t\000a\000i\000l\000s\000\050\000\051}{subsection.4.22.2}% 153
\BOOKMARK [3][-]{subsubsection.4.22.2.3}{\376\377\0004\000.\0002\0002\000.\0002\000.\0003\000\040\000g\000e\000t\000C\000o\000u\000r\000s\000e\000s\000\050\000\051}{subsection.4.22.2}% 154
\BOOKMARK [3][-]{subsubsection.4.22.2.4}{\376\377\0004\000.\0002\0002\000.\0002\000.\0004\000\040\000g\000e\000t\000S\000t\000u\000d\000e\000n\000t\000B\000y\000I\000d\000\050\000\051}{subsection.4.22.2}% 155
\BOOKMARK [3][-]{subsubsection.4.22.2.5}{\376\377\0004\000.\0002\0002\000.\0002\000.\0005\000\040\000g\000e\000t\000S\000t\000u\000d\000e\000n\000t\000s\000\050\000\051}{subsection.4.22.2}% 156
\BOOKMARK [3][-]{subsubsection.4.22.2.6}{\376\377\0004\000.\0002\0002\000.\0002\000.\0006\000\040\000g\000e\000t\000T\000o\000t\000a\000l\000C\000o\000u\000r\000s\000e\000s\000\050\000\051}{subsection.4.22.2}% 157
\BOOKMARK [3][-]{subsubsection.4.22.2.7}{\376\377\0004\000.\0002\0002\000.\0002\000.\0007\000\040\000r\000e\000m\000o\000v\000e\000S\000t\000u\000d\000e\000n\000t\000\050\000\051}{subsection.4.22.2}% 158
\BOOKMARK [3][-]{subsubsection.4.22.2.8}{\376\377\0004\000.\0002\0002\000.\0002\000.\0008\000\040\000u\000p\000d\000a\000t\000e\000S\000t\000u\000d\000e\000n\000t\000\050\000\051}{subsection.4.22.2}% 159
\BOOKMARK [1][-]{section.4.23}{\376\377\0004\000.\0002\0003\000\040\000e\000d\000u\000.\000n\000u\000.\000s\000g\000m\000.\000c\000o\000n\000t\000r\000o\000l\000l\000e\000r\000s\000.\000S\000t\000u\000d\000e\000n\000t\000V\000i\000e\000w\000C\000o\000n\000t\000r\000o\000l\000l\000e\000r\000\040\000C\000l\000a\000s\000s\000\040\000R\000e\000f\000e\000r\000e\000n\000c\000e}{chapter.4}% 160
\BOOKMARK [2][-]{subsection.4.23.1}{\376\377\0004\000.\0002\0003\000.\0001\000\040\000D\000e\000t\000a\000i\000l\000e\000d\000\040\000D\000e\000s\000c\000r\000i\000p\000t\000i\000o\000n}{section.4.23}% 161
\BOOKMARK [2][-]{subsection.4.23.2}{\376\377\0004\000.\0002\0003\000.\0002\000\040\000M\000e\000m\000b\000e\000r\000\040\000F\000u\000n\000c\000t\000i\000o\000n\000\040\000D\000o\000c\000u\000m\000e\000n\000t\000a\000t\000i\000o\000n}{section.4.23}% 162
\BOOKMARK [3][-]{subsubsection.4.23.2.1}{\376\377\0004\000.\0002\0003\000.\0002\000.\0001\000\040\000s\000e\000t\000S\000t\000u\000d\000e\000n\000t\000\050\000\051}{subsection.4.23.2}% 163
\BOOKMARK [0][-]{chapter.5}{\376\377\0005\000\040\000F\000i\000l\000e\000\040\000D\000o\000c\000u\000m\000e\000n\000t\000a\000t\000i\000o\000n}{}% 164
\BOOKMARK [1][-]{section.5.1}{\376\377\0005\000.\0001\000\040\000s\000r\000c\000/\000m\000a\000i\000n\000/\000j\000a\000v\000a\000/\000e\000d\000u\000/\000n\000u\000/\000s\000g\000m\000/\000c\000o\000n\000t\000r\000o\000l\000l\000e\000r\000s\000/\000A\000d\000d\000C\000o\000u\000r\000s\000e\000C\000o\000n\000t\000r\000o\000l\000l\000e\000r\000.\000j\000a\000v\000a\000\040\000F\000i\000l\000e\000\040\000R\000e\000f\000e\000r\000e\000n\000c\000e}{chapter.5}% 165
\BOOKMARK [2][-]{subsection.5.1.1}{\376\377\0005\000.\0001\000.\0001\000\040\000D\000e\000t\000a\000i\000l\000e\000d\000\040\000D\000e\000s\000c\000r\000i\000p\000t\000i\000o\000n}{section.5.1}% 166
\BOOKMARK [1][-]{section.5.2}{\376\377\0005\000.\0002\000\040\000s\000r\000c\000/\000m\000a\000i\000n\000/\000j\000a\000v\000a\000/\000e\000d\000u\000/\000n\000u\000/\000s\000g\000m\000/\000c\000o\000n\000t\000r\000o\000l\000l\000e\000r\000s\000/\000A\000d\000d\000S\000t\000u\000d\000e\000n\000t\000C\000o\000n\000t\000r\000o\000l\000l\000e\000r\000.\000j\000a\000v\000a\000\040\000F\000i\000l\000e\000\040\000R\000e\000f\000e\000r\000e\000n\000c\000e}{chapter.5}% 167
\BOOKMARK [2][-]{subsection.5.2.1}{\376\377\0005\000.\0002\000.\0001\000\040\000D\000e\000t\000a\000i\000l\000e\000d\000\040\000D\000e\000s\000c\000r\000i\000p\000t\000i\000o\000n}{section.5.2}% 168
\BOOKMARK [1][-]{section.5.3}{\376\377\0005\000.\0003\000\040\000s\000r\000c\000/\000m\000a\000i\000n\000/\000j\000a\000v\000a\000/\000e\000d\000u\000/\000n\000u\000/\000s\000g\000m\000/\000c\000o\000n\000t\000r\000o\000l\000l\000e\000r\000s\000/\000C\000o\000u\000r\000s\000e\000V\000i\000e\000w\000C\000o\000n\000t\000r\000o\000l\000l\000e\000r\000.\000j\000a\000v\000a\000\040\000F\000i\000l\000e\000\040\000R\000e\000f\000e\000r\000e\000n\000c\000e}{chapter.5}% 169
\BOOKMARK [2][-]{subsection.5.3.1}{\376\377\0005\000.\0003\000.\0001\000\040\000D\000e\000t\000a\000i\000l\000e\000d\000\040\000D\000e\000s\000c\000r\000i\000p\000t\000i\000o\000n}{section.5.3}% 170
\BOOKMARK [1][-]{section.5.4}{\376\377\0005\000.\0004\000\040\000s\000r\000c\000/\000m\000a\000i\000n\000/\000j\000a\000v\000a\000/\000e\000d\000u\000/\000n\000u\000/\000s\000g\000m\000/\000c\000o\000n\000t\000r\000o\000l\000l\000e\000r\000s\000/\000E\000n\000r\000o\000l\000l\000S\000t\000u\000d\000e\000n\000t\000s\000.\000j\000a\000v\000a\000\040\000F\000i\000l\000e\000\040\000R\000e\000f\000e\000r\000e\000n\000c\000e}{chapter.5}% 171
\BOOKMARK [2][-]{subsection.5.4.1}{\376\377\0005\000.\0004\000.\0001\000\040\000D\000e\000t\000a\000i\000l\000e\000d\000\040\000D\000e\000s\000c\000r\000i\000p\000t\000i\000o\000n}{section.5.4}% 172
\BOOKMARK [1][-]{section.5.5}{\376\377\0005\000.\0005\000\040\000s\000r\000c\000/\000m\000a\000i\000n\000/\000j\000a\000v\000a\000/\000e\000d\000u\000/\000n\000u\000/\000s\000g\000m\000/\000c\000o\000n\000t\000r\000o\000l\000l\000e\000r\000s\000/\000S\000t\000u\000d\000e\000n\000t\000V\000i\000e\000w\000C\000o\000n\000t\000r\000o\000l\000l\000e\000r\000.\000j\000a\000v\000a\000\040\000F\000i\000l\000e\000\040\000R\000e\000f\000e\000r\000e\000n\000c\000e}{chapter.5}% 173
\BOOKMARK [2][-]{subsection.5.5.1}{\376\377\0005\000.\0005\000.\0001\000\040\000D\000e\000t\000a\000i\000l\000e\000d\000\040\000D\000e\000s\000c\000r\000i\000p\000t\000i\000o\000n}{section.5.5}% 174
\BOOKMARK [1][-]{section.5.6}{\376\377\0005\000.\0006\000\040\000s\000r\000c\000/\000m\000a\000i\000n\000/\000j\000a\000v\000a\000/\000e\000d\000u\000/\000n\000u\000/\000s\000g\000m\000/\000m\000o\000d\000e\000l\000s\000/\000C\000o\000u\000r\000s\000e\000.\000j\000a\000v\000a\000\040\000F\000i\000l\000e\000\040\000R\000e\000f\000e\000r\000e\000n\000c\000e}{chapter.5}% 175
\BOOKMARK [2][-]{subsection.5.6.1}{\376\377\0005\000.\0006\000.\0001\000\040\000D\000e\000t\000a\000i\000l\000e\000d\000\040\000D\000e\000s\000c\000r\000i\000p\000t\000i\000o\000n}{section.5.6}% 176
\BOOKMARK [1][-]{section.5.7}{\376\377\0005\000.\0007\000\040\000s\000r\000c\000/\000m\000a\000i\000n\000/\000j\000a\000v\000a\000/\000e\000d\000u\000/\000n\000u\000/\000s\000g\000m\000/\000m\000o\000d\000e\000l\000s\000/\000E\000n\000r\000o\000l\000l\000m\000e\000n\000t\000.\000j\000a\000v\000a\000\040\000F\000i\000l\000e\000\040\000R\000e\000f\000e\000r\000e\000n\000c\000e}{chapter.5}% 177
\BOOKMARK [2][-]{subsection.5.7.1}{\376\377\0005\000.\0007\000.\0001\000\040\000D\000e\000t\000a\000i\000l\000e\000d\000\040\000D\000e\000s\000c\000r\000i\000p\000t\000i\000o\000n}{section.5.7}% 178
\BOOKMARK [1][-]{section.5.8}{\376\377\0005\000.\0008\000\040\000s\000r\000c\000/\000m\000a\000i\000n\000/\000j\000a\000v\000a\000/\000e\000d\000u\000/\000n\000u\000/\000s\000g\000m\000/\000m\000o\000d\000e\000l\000s\000/\000G\000r\000a\000d\000e\000I\000t\000e\000m\000.\000j\000a\000v\000a\000\040\000F\000i\000l\000e\000\040\000R\000e\000f\000e\000r\000e\000n\000c\000e}{chapter.5}% 179
\BOOKMARK [2][-]{subsection.5.8.1}{\376\377\0005\000.\0008\000.\0001\000\040\000D\000e\000t\000a\000i\000l\000e\000d\000\040\000D\000e\000s\000c\000r\000i\000p\000t\000i\000o\000n}{section.5.8}% 180
\BOOKMARK [1][-]{section.5.9}{\376\377\0005\000.\0009\000\040\000s\000r\000c\000/\000m\000a\000i\000n\000/\000j\000a\000v\000a\000/\000e\000d\000u\000/\000n\000u\000/\000s\000g\000m\000/\000m\000o\000d\000e\000l\000s\000/\000S\000t\000u\000d\000e\000n\000t\000.\000j\000a\000v\000a\000\040\000F\000i\000l\000e\000\040\000R\000e\000f\000e\000r\000e\000n\000c\000e}{chapter.5}% 181
\BOOKMARK [2][-]{subsection.5.9.1}{\376\377\0005\000.\0009\000.\0001\000\040\000D\000e\000t\000a\000i\000l\000e\000d\000\040\000D\000e\000s\000c\000r\000i\000p\000t\000i\000o\000n}{section.5.9}% 182
\BOOKMARK [1][-]{section.5.10}{\376\377\0005\000.\0001\0000\000\040\000s\000r\000c\000/\000m\000a\000i\000n\000/\000j\000a\000v\000a\000/\000e\000d\000u\000/\000n\000u\000/\000s\000g\000m\000/\000s\000e\000r\000v\000i\000c\000e\000s\000/\000C\000o\000u\000r\000s\000e\000S\000e\000r\000v\000i\000c\000e\000.\000j\000a\000v\000a\000\040\000F\000i\000l\000e\000\040\000R\000e\000f\000e\000r\000e\000n\000c\000e}{chapter.5}% 183
\BOOKMARK [2][-]{subsection.5.10.1}{\376\377\0005\000.\0001\0000\000.\0001\000\040\000D\000e\000t\000a\000i\000l\000e\000d\000\040\000D\000e\000s\000c\000r\000i\000p\000t\000i\000o\000n}{section.5.10}% 184
\BOOKMARK [1][-]{section.5.11}{\376\377\0005\000.\0001\0001\000\040\000s\000r\000c\000/\000m\000a\000i\000n\000/\000j\000a\000v\000a\000/\000e\000d\000u\000/\000n\000u\000/\000s\000g\000m\000/\000s\000e\000r\000v\000i\000c\000e\000s\000/\000E\000n\000r\000o\000l\000l\000m\000e\000n\000t\000S\000e\000r\000v\000i\000c\000e\000.\000j\000a\000v\000a\000\040\000F\000i\000l\000e\000\040\000R\000e\000f\000e\000r\000e\000n\000c\000e}{chapter.5}% 185
\BOOKMARK [2][-]{subsection.5.11.1}{\376\377\0005\000.\0001\0001\000.\0001\000\040\000D\000e\000t\000a\000i\000l\000e\000d\000\040\000D\000e\000s\000c\000r\000i\000p\000t\000i\000o\000n}{section.5.11}% 186
\BOOKMARK [1][-]{section.5.12}{\376\377\0005\000.\0001\0002\000\040\000s\000r\000c\000/\000m\000a\000i\000n\000/\000j\000a\000v\000a\000/\000e\000d\000u\000/\000n\000u\000/\000s\000g\000m\000/\000s\000e\000r\000v\000i\000c\000e\000s\000/\000G\000r\000a\000d\000e\000I\000t\000e\000m\000S\000e\000r\000v\000i\000c\000e\000.\000j\000a\000v\000a\000\040\000F\000i\000l\000e\000\040\000R\000e\000f\000e\000r\000e\000n\000c\000e}{chapter.5}% 187
\BOOKMARK [2][-]{subsection.5.12.1}{\376\377\0005\000.\0001\0002\000.\0001\000\040\000D\000e\000t\000a\000i\000l\000e\000d\000\040\000D\000e\000s\000c\000r\000i\000p\000t\000i\000o\000n}{section.5.12}% 188
\BOOKMARK [1][-]{section.5.13}{\376\377\0005\000.\0001\0003\000\040\000s\000r\000c\000/\000m\000a\000i\000n\000/\000j\000a\000v\000a\000/\000e\000d\000u\000/\000n\000u\000/\000s\000g\000m\000/\000s\000e\000r\000v\000i\000c\000e\000s\000/\000S\000t\000u\000d\000e\000n\000t\000S\000e\000r\000v\000i\000c\000e\000.\000j\000a\000v\000a\000\040\000F\000i\000l\000e\000\040\000R\000e\000f\000e\000r\000e\000n\000c\000e}{chapter.5}% 189
\BOOKMARK [2][-]{subsection.5.13.1}{\376\377\0005\000.\0001\0003\000.\0001\000\040\000D\000e\000t\000a\000i\000l\000e\000d\000\040\000D\000e\000s\000c\000r\000i\000p\000t\000i\000o\000n}{section.5.13}% 190
\BOOKMARK [1][-]{section.5.14}{\376\377\0005\000.\0001\0004\000\040\000s\000r\000c\000/\000m\000a\000i\000n\000/\000j\000a\000v\000a\000/\000e\000d\000u\000/\000n\000u\000/\000s\000g\000m\000/\000u\000t\000i\000l\000s\000/\000R\000e\000a\000d\000e\000r\000.\000j\000a\000v\000a\000\040\000F\000i\000l\000e\000\040\000R\000e\000f\000e\000r\000e\000n\000c\000e}{chapter.5}% 191
\BOOKMARK [2][-]{subsection.5.14.1}{\376\377\0005\000.\0001\0004\000.\0001\000\040\000D\000e\000t\000a\000i\000l\000e\000d\000\040\000D\000e\000s\000c\000r\000i\000p\000t\000i\000o\000n}{section.5.14}% 192
\BOOKMARK [0][-]{section*.43}{\376\377\000I\000n\000d\000e\000x}{}% 193
